epoch1##########################################################
Train : loss:6.71e-02  =  6.70e-02 + alpha*1.38e-03
Valid : loss:1.28e-02  =  1.27e-02 + alpha*1.03e-03
Test: loss:6.32e-02  =  6.31e-02 + alpha*1.46e-03
Best model saved!
Valid performance:
 mse:1.28e-02, IC:2.72e-02, RIC:2.22e-01, prec@10:5.18e-01, SR:2.07e+00
Test performance:
 mse:6.33e-02, IC:7.99e-03, RIC:1.09e-01, prec@10:5.05e-01, SR:7.96e-01 


epoch2##########################################################
Train : loss:3.49e-03  =  3.44e-03 + alpha*4.77e-04
Valid : loss:3.68e-03  =  3.62e-03 + alpha*5.28e-04
Test: loss:6.14e-03  =  6.08e-03 + alpha*5.44e-04
Best model saved!
Valid performance:
 mse:3.65e-03, IC:2.62e-02, RIC:2.64e-01, prec@10:5.32e-01, SR:2.19e+00
Test performance:
 mse:6.10e-03, IC:1.57e-02, RIC:2.04e-01, prec@10:5.08e-01, SR:4.49e-01 


epoch3##########################################################
Train : loss:2.38e-03  =  2.34e-03 + alpha*3.83e-04
Valid : loss:3.34e-03  =  3.29e-03 + alpha*4.88e-04
Test: loss:5.08e-03  =  5.03e-03 + alpha*4.97e-04
Best model saved!
Valid performance:
 mse:3.32e-03, IC:2.73e-02, RIC:2.71e-01, prec@10:5.39e-01, SR:2.36e+00
Test performance:
 mse:5.05e-03, IC:1.94e-02, RIC:2.45e-01, prec@10:5.10e-01, SR:7.23e-01 


epoch4##########################################################
Train : loss:2.11e-03  =  2.08e-03 + alpha*3.45e-04
Valid : loss:2.90e-03  =  2.85e-03 + alpha*4.40e-04
Test: loss:3.63e-03  =  3.59e-03 + alpha*4.32e-04
Best model saved!
Valid performance:
 mse:2.87e-03, IC:3.22e-02, RIC:3.22e-01, prec@10:5.29e-01, SR:2.91e+00
Test performance:
 mse:3.60e-03, IC:2.24e-02, RIC:2.83e-01, prec@10:4.99e-01, SR:9.11e-01 


epoch5##########################################################
Train : loss:1.74e-03  =  1.71e-03 + alpha*3.11e-04
Valid : loss:2.12e-03  =  2.08e-03 + alpha*3.72e-04
Test: loss:2.62e-03  =  2.58e-03 + alpha*3.63e-04
Best model saved!
Valid performance:
 mse:2.10e-03, IC:3.10e-02, RIC:3.34e-01, prec@10:5.35e-01, SR:3.08e+00
Test performance:
 mse:2.59e-03, IC:2.27e-02, RIC:2.88e-01, prec@10:5.14e-01, SR:4.83e-01 


epoch6##########################################################
Train : loss:1.87e-03  =  1.84e-03 + alpha*3.08e-04
Valid : loss:1.90e-03  =  1.87e-03 + alpha*3.35e-04
Test: loss:2.01e-03  =  1.98e-03 + alpha*3.13e-04
Best model saved!
Valid performance:
 mse:1.88e-03, IC:2.61e-02, RIC:2.77e-01, prec@10:5.35e-01, SR:2.41e+00
Test performance:
 mse:1.99e-03, IC:2.71e-02, RIC:3.60e-01, prec@10:5.22e-01, SR:5.10e-01 


epoch7##########################################################
Train : loss:1.51e-03  =  1.48e-03 + alpha*2.69e-04
Valid : loss:1.77e-03  =  1.74e-03 + alpha*3.14e-04
Test: loss:2.14e-03  =  2.11e-03 + alpha*3.02e-04
Best model saved!
Valid performance:
 mse:1.75e-03, IC:3.30e-02, RIC:3.57e-01, prec@10:5.27e-01, SR:3.68e+00
Test performance:
 mse:2.12e-03, IC:2.35e-02, RIC:3.21e-01, prec@10:5.22e-01, SR:4.59e-01 


epoch8##########################################################
Train : loss:1.34e-03  =  1.32e-03 + alpha*2.43e-04
Valid : loss:2.63e-03  =  2.59e-03 + alpha*4.24e-04
Test: loss:2.64e-03  =  2.60e-03 + alpha*3.88e-04
Valid performance:
 mse:2.61e-03, IC:2.22e-02, RIC:2.50e-01, prec@10:5.34e-01, SR:2.10e+00
Test performance:
 mse:2.61e-03, IC:2.44e-02, RIC:3.03e-01, prec@10:5.23e-01, SR:2.38e-01 


epoch9##########################################################
Train : loss:2.41e-03  =  2.38e-03 + alpha*2.87e-04
Valid : loss:1.59e-03  =  1.56e-03 + alpha*2.79e-04
Test: loss:1.26e-03  =  1.24e-03 + alpha*2.36e-04
Best model saved!
Valid performance:
 mse:1.57e-03, IC:2.93e-02, RIC:3.15e-01, prec@10:5.28e-01, SR:2.46e+00
Test performance:
 mse:1.24e-03, IC:2.64e-02, RIC:3.26e-01, prec@10:5.07e-01, SR:1.75e-01 


epoch10##########################################################
Train : loss:1.29e-03  =  1.26e-03 + alpha*2.35e-04
Valid : loss:1.43e-03  =  1.40e-03 + alpha*2.64e-04
Test: loss:1.17e-03  =  1.14e-03 + alpha*2.27e-04
Best model saved!
Valid performance:
 mse:1.41e-03, IC:3.35e-02, RIC:3.48e-01, prec@10:5.19e-01, SR:2.82e+00
Test performance:
 mse:1.15e-03, IC:2.62e-02, RIC:3.06e-01, prec@10:5.07e-01, SR:2.22e-01 


epoch11##########################################################
Train : loss:1.16e-03  =  1.13e-03 + alpha*2.13e-04
Valid : loss:2.12e-03  =  2.10e-03 + alpha*2.73e-04
Test: loss:1.86e-03  =  1.83e-03 + alpha*2.71e-04
Valid performance:
 mse:2.11e-03, IC:4.00e-02, RIC:4.02e-01, prec@10:5.27e-01, SR:3.71e+00
Test performance:
 mse:1.84e-03, IC:1.92e-02, RIC:2.16e-01, prec@10:5.09e-01, SR:7.10e-01 


epoch12##########################################################
Train : loss:1.06e-03  =  1.04e-03 + alpha*1.97e-04
Valid : loss:9.94e-04  =  9.74e-04 + alpha*2.04e-04
Test: loss:9.46e-04  =  9.28e-04 + alpha*1.85e-04
Best model saved!
Valid performance:
 mse:9.82e-04, IC:4.09e-02, RIC:3.90e-01, prec@10:5.22e-01, SR:3.33e+00
Test performance:
 mse:9.31e-04, IC:2.89e-02, RIC:3.37e-01, prec@10:5.12e-01, SR:1.54e-01 


epoch13##########################################################
Train : loss:1.18e-03  =  1.16e-03 + alpha*1.97e-04
Valid : loss:9.78e-04  =  9.58e-04 + alpha*2.00e-04
Test: loss:8.83e-04  =  8.65e-04 + alpha*1.79e-04
Best model saved!
Valid performance:
 mse:9.65e-04, IC:3.39e-02, RIC:3.39e-01, prec@10:5.29e-01, SR:2.80e+00
Test performance:
 mse:8.68e-04, IC:2.62e-02, RIC:3.07e-01, prec@10:5.10e-01, SR:4.24e-01 


epoch14##########################################################
Train : loss:1.00e-03  =  9.87e-04 + alpha*1.81e-04
Valid : loss:1.11e-03  =  1.09e-03 + alpha*2.18e-04
Test: loss:1.05e-03  =  1.03e-03 + alpha*1.91e-04
Valid performance:
 mse:1.10e-03, IC:2.51e-02, RIC:2.30e-01, prec@10:5.35e-01, SR:3.06e+00
Test performance:
 mse:1.04e-03, IC:1.93e-02, RIC:2.26e-01, prec@10:5.09e-01, SR:3.75e-01 


epoch15##########################################################
Train : loss:9.44e-04  =  9.27e-04 + alpha*1.70e-04
Valid : loss:9.69e-04  =  9.51e-04 + alpha*1.86e-04
Test: loss:9.79e-04  =  9.62e-04 + alpha*1.67e-04
Best model saved!
Valid performance:
 mse:9.59e-04, IC:2.83e-02, RIC:2.93e-01, prec@10:5.33e-01, SR:2.95e+00
Test performance:
 mse:9.65e-04, IC:2.23e-02, RIC:2.64e-01, prec@10:5.19e-01, SR:5.42e-01 


epoch16##########################################################
Train : loss:9.36e-04  =  9.20e-04 + alpha*1.65e-04
Valid : loss:1.05e-03  =  1.03e-03 + alpha*1.76e-04
Test: loss:1.06e-03  =  1.04e-03 + alpha*1.47e-04
Valid performance:
 mse:1.04e-03, IC:2.76e-02, RIC:2.84e-01, prec@10:5.25e-01, SR:2.30e+00
Test performance:
 mse:1.05e-03, IC:2.95e-02, RIC:3.58e-01, prec@10:5.18e-01, SR:3.85e-02 


epoch17##########################################################
Train : loss:9.89e-04  =  9.72e-04 + alpha*1.64e-04
Valid : loss:8.31e-04  =  8.15e-04 + alpha*1.66e-04
Test: loss:7.17e-04  =  7.02e-04 + alpha*1.51e-04
Best model saved!
Valid performance:
 mse:8.21e-04, IC:3.71e-02, RIC:3.59e-01, prec@10:5.30e-01, SR:2.90e+00
Test performance:
 mse:7.04e-04, IC:2.89e-02, RIC:3.20e-01, prec@10:5.19e-01, SR:9.11e-01 


epoch18##########################################################
Train : loss:8.31e-04  =  8.17e-04 + alpha*1.45e-04
Valid : loss:1.21e-03  =  1.20e-03 + alpha*1.75e-04
Test: loss:1.00e-03  =  9.84e-04 + alpha*1.79e-04
Valid performance:
 mse:1.21e-03, IC:4.68e-02, RIC:4.36e-01, prec@10:5.38e-01, SR:3.40e+00
Test performance:
 mse:9.87e-04, IC:2.60e-02, RIC:2.80e-01, prec@10:5.04e-01, SR:7.68e-01 


epoch19##########################################################
Train : loss:7.93e-04  =  7.79e-04 + alpha*1.40e-04
Valid : loss:7.97e-04  =  7.82e-04 + alpha*1.55e-04
Test: loss:6.35e-04  =  6.22e-04 + alpha*1.28e-04
Best model saved!
Valid performance:
 mse:7.88e-04, IC:3.50e-02, RIC:3.07e-01, prec@10:5.28e-01, SR:2.93e+00
Test performance:
 mse:6.24e-04, IC:2.94e-02, RIC:3.48e-01, prec@10:5.27e-01, SR:1.75e+00 


epoch20##########################################################
Train : loss:8.33e-04  =  8.19e-04 + alpha*1.42e-04
Valid : loss:7.65e-04  =  7.50e-04 + alpha*1.54e-04
Test: loss:6.73e-04  =  6.60e-04 + alpha*1.34e-04
Best model saved!
Valid performance:
 mse:7.56e-04, IC:3.16e-02, RIC:2.89e-01, prec@10:5.29e-01, SR:2.42e+00
Test performance:
 mse:6.62e-04, IC:2.88e-02, RIC:3.16e-01, prec@10:5.22e-01, SR:1.22e+00 


epoch21##########################################################
Train : loss:8.47e-04  =  8.33e-04 + alpha*1.38e-04
Valid : loss:1.11e-03  =  1.09e-03 + alpha*1.93e-04
Test: loss:1.10e-03  =  1.09e-03 + alpha*1.57e-04
Valid performance:
 mse:1.10e-03, IC:1.00e-02, RIC:1.10e-01, prec@10:5.29e-01, SR:2.22e+00
Test performance:
 mse:1.09e-03, IC:2.07e-02, RIC:2.67e-01, prec@10:5.33e-01, SR:1.31e+00 


epoch22##########################################################
Train : loss:7.55e-04  =  7.42e-04 + alpha*1.30e-04
Valid : loss:8.16e-04  =  8.01e-04 + alpha*1.53e-04
Test: loss:7.35e-04  =  7.19e-04 + alpha*1.55e-04
Valid performance:
 mse:8.08e-04, IC:4.57e-02, RIC:3.85e-01, prec@10:5.30e-01, SR:3.10e+00
Test performance:
 mse:7.22e-04, IC:2.57e-02, RIC:2.67e-01, prec@10:5.11e-01, SR:-2.83e-01 


epoch23##########################################################
Train : loss:7.19e-04  =  7.07e-04 + alpha*1.23e-04
Valid : loss:7.83e-04  =  7.68e-04 + alpha*1.52e-04
Test: loss:7.12e-04  =  6.98e-04 + alpha*1.35e-04
Valid performance:
 mse:7.74e-04, IC:2.62e-02, RIC:2.40e-01, prec@10:5.39e-01, SR:2.83e+00
Test performance:
 mse:7.00e-04, IC:2.47e-02, RIC:2.70e-01, prec@10:5.30e-01, SR:6.84e-01 


epoch24##########################################################
Train : loss:6.76e-04  =  6.64e-04 + alpha*1.17e-04
Valid : loss:8.76e-04  =  8.62e-04 + alpha*1.40e-04
Test: loss:7.12e-04  =  6.99e-04 + alpha*1.34e-04
Valid performance:
 mse:8.69e-04, IC:4.31e-02, RIC:3.60e-01, prec@10:5.31e-01, SR:2.55e+00
Test performance:
 mse:7.01e-04, IC:2.89e-02, RIC:3.03e-01, prec@10:5.31e-01, SR:9.77e-01 


epoch25##########################################################
Train : loss:7.68e-04  =  7.55e-04 + alpha*1.22e-04
Valid : loss:8.39e-04  =  8.25e-04 + alpha*1.44e-04
Test: loss:7.91e-04  =  7.79e-04 + alpha*1.19e-04
Valid performance:
 mse:8.32e-04, IC:1.49e-02, RIC:1.55e-01, prec@10:5.32e-01, SR:2.14e+00
Test performance:
 mse:7.81e-04, IC:2.14e-02, RIC:2.80e-01, prec@10:5.36e-01, SR:9.10e-01 


epoch26##########################################################
Train : loss:6.80e-04  =  6.69e-04 + alpha*1.11e-04
Valid : loss:7.43e-04  =  7.31e-04 + alpha*1.22e-04
Test: loss:6.83e-04  =  6.73e-04 + alpha*1.06e-04
Best model saved!
Valid performance:
 mse:7.37e-04, IC:3.58e-02, RIC:3.16e-01, prec@10:5.34e-01, SR:3.15e+00
Test performance:
 mse:6.75e-04, IC:3.01e-02, RIC:3.32e-01, prec@10:5.31e-01, SR:1.13e+00 


epoch27##########################################################
Train : loss:6.73e-04  =  6.63e-04 + alpha*1.07e-04
Valid : loss:8.58e-04  =  8.44e-04 + alpha*1.43e-04
Test: loss:8.33e-04  =  8.21e-04 + alpha*1.24e-04
Valid performance:
 mse:8.51e-04, IC:2.39e-02, RIC:2.34e-01, prec@10:5.37e-01, SR:2.19e+00
Test performance:
 mse:8.24e-04, IC:2.20e-02, RIC:2.63e-01, prec@10:5.28e-01, SR:1.22e+00 


epoch28##########################################################
Train : loss:6.89e-04  =  6.78e-04 + alpha*1.09e-04
Valid : loss:6.74e-04  =  6.62e-04 + alpha*1.22e-04
Test: loss:6.07e-04  =  5.97e-04 + alpha*1.05e-04
Best model saved!
Valid performance:
 mse:6.67e-04, IC:2.71e-02, RIC:2.45e-01, prec@10:5.32e-01, SR:2.93e+00
Test performance:
 mse:5.99e-04, IC:2.75e-02, RIC:3.44e-01, prec@10:5.32e-01, SR:1.05e+00 


epoch29##########################################################
Train : loss:6.85e-04  =  6.74e-04 + alpha*1.05e-04
Valid : loss:6.72e-04  =  6.61e-04 + alpha*1.12e-04
Test: loss:5.90e-04  =  5.81e-04 + alpha*9.24e-05
Best model saved!
Valid performance:
 mse:6.66e-04, IC:2.38e-02, RIC:2.43e-01, prec@10:5.36e-01, SR:2.84e+00
Test performance:
 mse:5.82e-04, IC:2.79e-02, RIC:3.35e-01, prec@10:5.26e-01, SR:1.05e+00 


epoch30##########################################################
Train : loss:6.48e-04  =  6.38e-04 + alpha*9.90e-05
Valid : loss:7.03e-04  =  6.91e-04 + alpha*1.22e-04
Test: loss:6.83e-04  =  6.72e-04 + alpha*1.18e-04
Valid performance:
 mse:6.96e-04, IC:3.47e-02, RIC:3.09e-01, prec@10:5.33e-01, SR:2.82e+00
Test performance:
 mse:6.74e-04, IC:2.51e-02, RIC:2.67e-01, prec@10:5.14e-01, SR:9.39e-01 


epoch31##########################################################
Train : loss:7.15e-04  =  7.05e-04 + alpha*1.01e-04
Valid : loss:6.27e-04  =  6.16e-04 + alpha*1.07e-04
Test: loss:5.19e-04  =  5.09e-04 + alpha*9.60e-05
Best model saved!
Valid performance:
 mse:6.21e-04, IC:3.19e-02, RIC:3.10e-01, prec@10:5.30e-01, SR:2.32e+00
Test performance:
 mse:5.11e-04, IC:2.95e-02, RIC:3.19e-01, prec@10:5.27e-01, SR:8.64e-01 


epoch32##########################################################
Train : loss:6.47e-04  =  6.37e-04 + alpha*9.66e-05
Valid : loss:6.13e-04  =  6.02e-04 + alpha*1.02e-04
Test: loss:5.07e-04  =  4.98e-04 + alpha*9.17e-05
Best model saved!
Valid performance:
 mse:6.07e-04, IC:3.72e-02, RIC:3.10e-01, prec@10:5.37e-01, SR:3.14e+00
Test performance:
 mse:4.99e-04, IC:2.90e-02, RIC:3.25e-01, prec@10:5.40e-01, SR:8.44e-01 


epoch33##########################################################
Train : loss:6.05e-04  =  5.96e-04 + alpha*9.22e-05
Valid : loss:6.41e-04  =  6.30e-04 + alpha*1.14e-04
Test: loss:5.23e-04  =  5.13e-04 + alpha*9.69e-05
Valid performance:
 mse:6.35e-04, IC:1.67e-02, RIC:1.71e-01, prec@10:5.27e-01, SR:2.36e+00
Test performance:
 mse:5.14e-04, IC:2.65e-02, RIC:3.10e-01, prec@10:5.32e-01, SR:5.51e-01 


epoch34##########################################################
Train : loss:6.45e-04  =  6.36e-04 + alpha*9.24e-05
Valid : loss:9.77e-04  =  9.66e-04 + alpha*1.09e-04
Test: loss:7.84e-04  =  7.74e-04 + alpha*1.00e-04
Valid performance:
 mse:9.74e-04, IC:4.42e-02, RIC:3.62e-01, prec@10:5.29e-01, SR:2.47e+00
Test performance:
 mse:7.76e-04, IC:3.03e-02, RIC:3.20e-01, prec@10:5.27e-01, SR:2.10e-01 


epoch35##########################################################
Train : loss:6.17e-04  =  6.08e-04 + alpha*8.95e-05
Valid : loss:7.82e-04  =  7.72e-04 + alpha*1.01e-04
Test: loss:6.23e-04  =  6.13e-04 + alpha*9.86e-05
Valid performance:
 mse:7.78e-04, IC:4.03e-02, RIC:3.52e-01, prec@10:5.23e-01, SR:2.57e+00
Test performance:
 mse:6.15e-04, IC:2.64e-02, RIC:2.81e-01, prec@10:5.21e-01, SR:-5.59e-02 


epoch36##########################################################
Train : loss:6.26e-04  =  6.17e-04 + alpha*8.89e-05
Valid : loss:7.54e-04  =  7.44e-04 + alpha*9.19e-05
Test: loss:6.83e-04  =  6.76e-04 + alpha*7.78e-05
Valid performance:
 mse:7.50e-04, IC:2.77e-02, RIC:2.52e-01, prec@10:5.28e-01, SR:2.67e+00
Test performance:
 mse:6.78e-04, IC:2.56e-02, RIC:3.15e-01, prec@10:5.30e-01, SR:1.37e+00 


epoch37##########################################################
Train : loss:6.35e-04  =  6.27e-04 + alpha*8.61e-05
Valid : loss:6.13e-04  =  6.04e-04 + alpha*8.81e-05
Test: loss:5.21e-04  =  5.14e-04 + alpha*7.25e-05
Valid performance:
 mse:6.09e-04, IC:2.13e-02, RIC:2.12e-01, prec@10:5.42e-01, SR:2.46e+00
Test performance:
 mse:5.15e-04, IC:2.95e-02, RIC:3.74e-01, prec@10:5.35e-01, SR:7.03e-01 


epoch38##########################################################
Train : loss:5.98e-04  =  5.90e-04 + alpha*8.29e-05
Valid : loss:6.76e-04  =  6.66e-04 + alpha*9.95e-05
Test: loss:5.18e-04  =  5.09e-04 + alpha*8.73e-05
Valid performance:
 mse:6.71e-04, IC:2.98e-02, RIC:2.70e-01, prec@10:5.22e-01, SR:3.08e+00
Test performance:
 mse:5.11e-04, IC:2.63e-02, RIC:2.99e-01, prec@10:5.19e-01, SR:1.48e-01 


epoch39##########################################################
Train : loss:6.43e-04  =  6.34e-04 + alpha*8.59e-05
Valid : loss:5.81e-04  =  5.72e-04 + alpha*8.58e-05
Test: loss:4.56e-04  =  4.48e-04 + alpha*7.27e-05
Best model saved!
Valid performance:
 mse:5.77e-04, IC:3.26e-02, RIC:3.04e-01, prec@10:5.19e-01, SR:2.92e+00
Test performance:
 mse:4.50e-04, IC:3.01e-02, RIC:3.53e-01, prec@10:5.25e-01, SR:4.42e-01 


epoch40##########################################################
Train : loss:6.08e-04  =  6.00e-04 + alpha*8.22e-05
Valid : loss:1.02e-03  =  1.01e-03 + alpha*1.19e-04
Test: loss:9.30e-04  =  9.21e-04 + alpha*9.35e-05
Valid performance:
 mse:1.01e-03, IC:4.27e-04, RIC:4.21e-03, prec@10:5.43e-01, SR:2.01e+00
Test performance:
 mse:9.24e-04, IC:1.44e-02, RIC:2.06e-01, prec@10:5.30e-01, SR:1.06e+00 


epoch41##########################################################
Train : loss:5.82e-04  =  5.75e-04 + alpha*7.85e-05
Valid : loss:1.45e-03  =  1.45e-03 + alpha*8.64e-05
Test: loss:1.36e-03  =  1.35e-03 + alpha*6.93e-05
Valid performance:
 mse:1.46e-03, IC:8.71e-03, RIC:8.85e-02, prec@10:5.33e-01, SR:2.14e+00
Test performance:
 mse:1.36e-03, IC:2.24e-02, RIC:2.99e-01, prec@10:5.31e-01, SR:1.53e+00 


epoch42##########################################################
Train : loss:5.91e-04  =  5.83e-04 + alpha*7.63e-05
Valid : loss:8.52e-04  =  8.42e-04 + alpha*9.27e-05
Test: loss:7.80e-04  =  7.73e-04 + alpha*7.34e-05
Valid performance:
 mse:8.49e-04, IC:1.47e-02, RIC:1.30e-01, prec@10:5.34e-01, SR:2.19e+00
Test performance:
 mse:7.75e-04, IC:2.45e-02, RIC:3.21e-01, prec@10:5.25e-01, SR:7.22e-01 


epoch43##########################################################
Train : loss:6.06e-04  =  5.99e-04 + alpha*7.51e-05
Valid : loss:5.48e-04  =  5.41e-04 + alpha*7.53e-05
Test: loss:4.50e-04  =  4.43e-04 + alpha*7.16e-05
Best model saved!
Valid performance:
 mse:5.45e-04, IC:3.54e-02, RIC:3.23e-01, prec@10:5.24e-01, SR:2.79e+00
Test performance:
 mse:4.44e-04, IC:2.94e-02, RIC:3.18e-01, prec@10:5.29e-01, SR:3.72e-01 


epoch44##########################################################
Train : loss:6.09e-04  =  6.01e-04 + alpha*7.33e-05
Valid : loss:5.77e-04  =  5.70e-04 + alpha*7.50e-05
Test: loss:4.47e-04  =  4.40e-04 + alpha*6.63e-05
Valid performance:
 mse:5.74e-04, IC:2.46e-02, RIC:2.42e-01, prec@10:5.20e-01, SR:1.30e+00
Test performance:
 mse:4.42e-04, IC:3.10e-02, RIC:3.48e-01, prec@10:5.27e-01, SR:6.29e-01 


epoch45##########################################################
Train : loss:5.93e-04  =  5.86e-04 + alpha*7.13e-05
Valid : loss:5.39e-04  =  5.32e-04 + alpha*6.86e-05
Test: loss:4.32e-04  =  4.26e-04 + alpha*6.05e-05
Best model saved!
Valid performance:
 mse:5.37e-04, IC:3.01e-02, RIC:2.77e-01, prec@10:5.28e-01, SR:2.52e+00
Test performance:
 mse:4.27e-04, IC:3.33e-02, RIC:3.88e-01, prec@10:5.25e-01, SR:1.02e+00 


epoch46##########################################################
Train : loss:5.49e-04  =  5.42e-04 + alpha*6.68e-05
Valid : loss:5.44e-04  =  5.37e-04 + alpha*7.01e-05
Test: loss:4.38e-04  =  4.31e-04 + alpha*6.50e-05
Valid performance:
 mse:5.41e-04, IC:3.77e-02, RIC:3.41e-01, prec@10:5.32e-01, SR:2.48e+00
Test performance:
 mse:4.33e-04, IC:3.17e-02, RIC:3.47e-01, prec@10:5.21e-01, SR:2.95e-01 


epoch47##########################################################
Train : loss:5.98e-04  =  5.91e-04 + alpha*7.00e-05
Valid : loss:5.51e-04  =  5.44e-04 + alpha*7.03e-05
Test: loss:4.42e-04  =  4.35e-04 + alpha*6.68e-05
Valid performance:
 mse:5.48e-04, IC:3.40e-02, RIC:3.12e-01, prec@10:5.31e-01, SR:2.82e+00
Test performance:
 mse:4.37e-04, IC:2.85e-02, RIC:3.14e-01, prec@10:5.26e-01, SR:6.17e-01 


epoch48##########################################################
Train : loss:5.60e-04  =  5.53e-04 + alpha*6.62e-05
Valid : loss:8.77e-04  =  8.70e-04 + alpha*6.61e-05
Test: loss:8.11e-04  =  8.05e-04 + alpha*5.77e-05
Valid performance:
 mse:8.77e-04, IC:2.89e-02, RIC:2.74e-01, prec@10:5.31e-01, SR:2.73e+00
Test performance:
 mse:8.08e-04, IC:3.05e-02, RIC:3.62e-01, prec@10:5.25e-01, SR:9.50e-01 


epoch49##########################################################
Train : loss:5.82e-04  =  5.75e-04 + alpha*6.62e-05
Valid : loss:5.54e-04  =  5.47e-04 + alpha*7.15e-05
Test: loss:4.48e-04  =  4.42e-04 + alpha*6.33e-05
Valid performance:
 mse:5.51e-04, IC:2.31e-02, RIC:2.36e-01, prec@10:5.19e-01, SR:1.84e+00
Test performance:
 mse:4.43e-04, IC:3.18e-02, RIC:3.69e-01, prec@10:5.31e-01, SR:7.91e-01 


epoch50##########################################################
Train : loss:5.61e-04  =  5.55e-04 + alpha*6.37e-05
Valid : loss:6.82e-04  =  6.75e-04 + alpha*7.03e-05
Test: loss:5.34e-04  =  5.28e-04 + alpha*6.68e-05
Valid performance:
 mse:6.80e-04, IC:3.25e-02, RIC:2.83e-01, prec@10:5.24e-01, SR:2.45e+00
Test performance:
 mse:5.29e-04, IC:2.97e-02, RIC:3.38e-01, prec@10:5.19e-01, SR:9.50e-01 


epoch51##########################################################
Train : loss:5.61e-04  =  5.54e-04 + alpha*6.16e-05
Valid : loss:5.88e-04  =  5.82e-04 + alpha*6.30e-05
Test: loss:4.58e-04  =  4.52e-04 + alpha*5.97e-05
Valid performance:
 mse:5.87e-04, IC:3.50e-02, RIC:3.18e-01, prec@10:5.25e-01, SR:2.11e+00
Test performance:
 mse:4.53e-04, IC:3.53e-02, RIC:3.81e-01, prec@10:5.19e-01, SR:1.03e+00 


epoch52##########################################################
Train : loss:5.79e-04  =  5.73e-04 + alpha*6.43e-05
Valid : loss:5.36e-04  =  5.30e-04 + alpha*6.44e-05
Test: loss:4.47e-04  =  4.40e-04 + alpha*6.25e-05
Best model saved!
Valid performance:
 mse:5.34e-04, IC:3.54e-02, RIC:3.07e-01, prec@10:5.17e-01, SR:1.19e+00
Test performance:
 mse:4.42e-04, IC:3.20e-02, RIC:3.41e-01, prec@10:5.11e-01, SR:1.13e+00 


epoch53##########################################################
Train : loss:5.56e-04  =  5.50e-04 + alpha*5.81e-05
Valid : loss:5.28e-04  =  5.22e-04 + alpha*5.65e-05
Test: loss:4.18e-04  =  4.12e-04 + alpha*5.38e-05
Best model saved!
Valid performance:
 mse:5.27e-04, IC:3.19e-02, RIC:2.85e-01, prec@10:5.23e-01, SR:1.89e+00
Test performance:
 mse:4.14e-04, IC:3.25e-02, RIC:3.63e-01, prec@10:5.24e-01, SR:4.32e-01 


epoch54##########################################################
Train : loss:5.71e-04  =  5.65e-04 + alpha*5.91e-05
Valid : loss:6.58e-04  =  6.52e-04 + alpha*5.84e-05
Test: loss:5.01e-04  =  4.96e-04 + alpha*5.34e-05
Valid performance:
 mse:6.57e-04, IC:2.71e-02, RIC:2.58e-01, prec@10:5.26e-01, SR:1.88e+00
Test performance:
 mse:4.98e-04, IC:3.83e-02, RIC:4.27e-01, prec@10:5.25e-01, SR:6.72e-01 


epoch55##########################################################
Train : loss:5.43e-04  =  5.38e-04 + alpha*5.59e-05
Valid : loss:7.16e-04  =  7.11e-04 + alpha*5.58e-05
Test: loss:5.63e-04  =  5.58e-04 + alpha*5.35e-05
Valid performance:
 mse:7.16e-04, IC:2.96e-02, RIC:2.76e-01, prec@10:5.23e-01, SR:2.07e+00
Test performance:
 mse:5.60e-04, IC:3.67e-02, RIC:4.05e-01, prec@10:5.25e-01, SR:7.63e-01 


epoch56##########################################################
Train : loss:6.00e-04  =  5.94e-04 + alpha*5.79e-05
Valid : loss:5.92e-04  =  5.85e-04 + alpha*6.86e-05
Test: loss:4.48e-04  =  4.42e-04 + alpha*6.43e-05
Valid performance:
 mse:5.90e-04, IC:2.58e-02, RIC:2.14e-01, prec@10:5.12e-01, SR:1.59e+00
Test performance:
 mse:4.43e-04, IC:3.33e-02, RIC:3.42e-01, prec@10:5.28e-01, SR:-2.82e-02 


epoch57##########################################################
Train : loss:5.50e-04  =  5.45e-04 + alpha*5.69e-05
Valid : loss:5.19e-04  =  5.14e-04 + alpha*5.11e-05
Test: loss:4.13e-04  =  4.08e-04 + alpha*4.90e-05
Best model saved!
Valid performance:
 mse:5.18e-04, IC:3.62e-02, RIC:3.11e-01, prec@10:5.24e-01, SR:2.78e+00
Test performance:
 mse:4.09e-04, IC:3.88e-02, RIC:4.40e-01, prec@10:5.31e-01, SR:9.14e-01 


epoch58##########################################################
Train : loss:5.27e-04  =  5.22e-04 + alpha*5.23e-05
Valid : loss:5.15e-04  =  5.10e-04 + alpha*4.79e-05
Test: loss:4.07e-04  =  4.03e-04 + alpha*4.49e-05
Best model saved!
Valid performance:
 mse:5.15e-04, IC:2.67e-02, RIC:2.56e-01, prec@10:5.28e-01, SR:2.43e+00
Test performance:
 mse:4.04e-04, IC:3.90e-02, RIC:4.63e-01, prec@10:5.30e-01, SR:1.38e+00 


epoch59##########################################################
Train : loss:5.83e-04  =  5.77e-04 + alpha*5.38e-05
Valid : loss:5.14e-04  =  5.09e-04 + alpha*5.03e-05
Test: loss:4.12e-04  =  4.08e-04 + alpha*4.61e-05
Best model saved!
Valid performance:
 mse:5.13e-04, IC:3.11e-02, RIC:2.63e-01, prec@10:5.25e-01, SR:1.85e+00
Test performance:
 mse:4.09e-04, IC:3.68e-02, RIC:4.30e-01, prec@10:5.40e-01, SR:8.40e-01 


epoch60##########################################################
Train : loss:5.51e-04  =  5.46e-04 + alpha*5.19e-05
Valid : loss:5.55e-04  =  5.49e-04 + alpha*6.12e-05
Test: loss:4.33e-04  =  4.27e-04 + alpha*6.04e-05
Valid performance:
 mse:5.54e-04, IC:3.34e-02, RIC:2.90e-01, prec@10:5.08e-01, SR:1.65e+00
Test performance:
 mse:4.28e-04, IC:3.54e-02, RIC:3.70e-01, prec@10:5.19e-01, SR:8.88e-02 


epoch61##########################################################
Train : loss:5.27e-04  =  5.22e-04 + alpha*5.06e-05
Valid : loss:5.65e-04  =  5.58e-04 + alpha*6.77e-05
Test: loss:4.48e-04  =  4.42e-04 + alpha*6.72e-05
Valid performance:
 mse:5.63e-04, IC:3.74e-02, RIC:3.14e-01, prec@10:5.10e-01, SR:3.01e+00
Test performance:
 mse:4.43e-04, IC:3.10e-02, RIC:3.28e-01, prec@10:5.12e-01, SR:1.02e+00 


epoch62##########################################################
Train : loss:5.56e-04  =  5.51e-04 + alpha*5.09e-05
Valid : loss:5.55e-04  =  5.50e-04 + alpha*4.54e-05
Test: loss:4.68e-04  =  4.63e-04 + alpha*4.15e-05
Valid performance:
 mse:5.55e-04, IC:2.00e-02, RIC:1.88e-01, prec@10:5.25e-01, SR:2.46e+00
Test performance:
 mse:4.65e-04, IC:3.33e-02, RIC:4.36e-01, prec@10:5.41e-01, SR:1.34e+00 


epoch63##########################################################
Train : loss:5.26e-04  =  5.22e-04 + alpha*4.77e-05
Valid : loss:6.27e-04  =  6.21e-04 + alpha*5.56e-05
Test: loss:5.39e-04  =  5.34e-04 + alpha*4.62e-05
Valid performance:
 mse:6.27e-04, IC:-4.75e-03, RIC:-5.46e-02, prec@10:5.22e-01, SR:7.08e-01
Test performance:
 mse:5.36e-04, IC:2.53e-02, RIC:3.71e-01, prec@10:5.35e-01, SR:8.83e-01 


epoch64##########################################################
Train : loss:5.17e-04  =  5.12e-04 + alpha*4.70e-05
Valid : loss:8.68e-04  =  8.63e-04 + alpha*5.30e-05
Test: loss:7.01e-04  =  6.96e-04 + alpha*5.48e-05
Valid performance:
 mse:8.70e-04, IC:3.99e-02, RIC:3.14e-01, prec@10:5.19e-01, SR:2.39e+00
Test performance:
 mse:6.98e-04, IC:3.67e-02, RIC:3.76e-01, prec@10:5.31e-01, SR:7.18e-01 


epoch65##########################################################
Train : loss:5.57e-04  =  5.52e-04 + alpha*4.92e-05
Valid : loss:5.25e-04  =  5.20e-04 + alpha*4.61e-05
Test: loss:4.36e-04  =  4.32e-04 + alpha*4.50e-05
Valid performance:
 mse:5.24e-04, IC:2.83e-02, RIC:2.55e-01, prec@10:5.14e-01, SR:1.48e+00
Test performance:
 mse:4.33e-04, IC:3.69e-02, RIC:4.37e-01, prec@10:5.35e-01, SR:1.89e+00 


epoch66##########################################################
Train : loss:5.47e-04  =  5.42e-04 + alpha*4.81e-05
Valid : loss:5.62e-04  =  5.58e-04 + alpha*4.22e-05
Test: loss:4.34e-04  =  4.30e-04 + alpha*4.06e-05
Valid performance:
 mse:5.63e-04, IC:2.35e-02, RIC:2.44e-01, prec@10:5.21e-01, SR:1.59e+00
Test performance:
 mse:4.31e-04, IC:4.00e-02, RIC:4.73e-01, prec@10:5.34e-01, SR:1.23e+00 


epoch67##########################################################
Train : loss:5.40e-04  =  5.35e-04 + alpha*4.73e-05
Valid : loss:1.13e-03  =  1.12e-03 + alpha*7.08e-05
Test: loss:1.02e-03  =  1.02e-03 + alpha*5.85e-05
Valid performance:
 mse:1.13e-03, IC:-1.08e-02, RIC:-1.03e-01, prec@10:5.25e-01, SR:1.84e+00
Test performance:
 mse:1.02e-03, IC:1.45e-02, RIC:2.02e-01, prec@10:5.32e-01, SR:1.06e+00 


epoch68##########################################################
Train : loss:5.12e-04  =  5.07e-04 + alpha*4.49e-05
Valid : loss:7.77e-04  =  7.72e-04 + alpha*5.66e-05
Test: loss:4.88e-04  =  4.83e-04 + alpha*5.24e-05
Valid performance:
 mse:7.78e-04, IC:4.25e-02, RIC:3.16e-01, prec@10:5.19e-01, SR:2.58e+00
Test performance:
 mse:4.85e-04, IC:3.33e-02, RIC:3.40e-01, prec@10:5.24e-01, SR:6.31e-01 


epoch69##########################################################
Train : loss:5.95e-04  =  5.90e-04 + alpha*5.24e-05
Valid : loss:5.15e-04  =  5.10e-04 + alpha*4.54e-05
Test: loss:4.03e-04  =  3.98e-04 + alpha*4.40e-05
Valid performance:
 mse:5.14e-04, IC:2.44e-02, RIC:2.25e-01, prec@10:5.11e-01, SR:1.16e+00
Test performance:
 mse:4.00e-04, IC:3.85e-02, RIC:4.21e-01, prec@10:5.25e-01, SR:7.62e-01 


epoch70##########################################################
Train : loss:5.37e-04  =  5.33e-04 + alpha*4.48e-05
Valid : loss:6.50e-04  =  6.44e-04 + alpha*5.21e-05
Test: loss:4.96e-04  =  4.91e-04 + alpha*5.36e-05
Valid performance:
 mse:6.50e-04, IC:2.81e-02, RIC:2.51e-01, prec@10:5.13e-01, SR:1.06e+00
Test performance:
 mse:4.92e-04, IC:3.46e-02, RIC:3.64e-01, prec@10:5.20e-01, SR:-2.48e-01 


epoch71##########################################################
Train : loss:5.13e-04  =  5.08e-04 + alpha*4.28e-05
Valid : loss:7.20e-04  =  7.16e-04 + alpha*4.27e-05
Test: loss:6.16e-04  =  6.12e-04 + alpha*3.70e-05
Valid performance:
 mse:7.22e-04, IC:7.09e-03, RIC:9.21e-02, prec@10:5.15e-01, SR:1.76e+00
Test performance:
 mse:6.14e-04, IC:3.47e-02, RIC:4.26e-01, prec@10:5.32e-01, SR:1.11e+00 


epoch72##########################################################
Train : loss:5.37e-04  =  5.33e-04 + alpha*4.61e-05
Valid : loss:6.39e-04  =  6.34e-04 + alpha*5.19e-05
Test: loss:5.37e-04  =  5.32e-04 + alpha*4.42e-05
Valid performance:
 mse:6.39e-04, IC:-8.33e-03, RIC:-9.83e-02, prec@10:5.08e-01, SR:1.08e+00
Test performance:
 mse:5.34e-04, IC:2.50e-02, RIC:3.33e-01, prec@10:5.33e-01, SR:1.67e+00 


epoch73##########################################################
Train : loss:5.27e-04  =  5.23e-04 + alpha*4.22e-05
Valid : loss:5.52e-04  =  5.47e-04 + alpha*5.01e-05
Test: loss:4.63e-04  =  4.59e-04 + alpha*4.21e-05
Valid performance:
 mse:5.52e-04, IC:1.02e-03, RIC:1.01e-02, prec@10:5.28e-01, SR:1.77e+00
Test performance:
 mse:4.60e-04, IC:2.16e-02, RIC:3.28e-01, prec@10:5.40e-01, SR:1.55e+00 


epoch74##########################################################
Train : loss:5.48e-04  =  5.44e-04 + alpha*4.31e-05
Valid : loss:7.24e-04  =  7.17e-04 + alpha*7.42e-05
Test: loss:5.72e-04  =  5.64e-04 + alpha*7.67e-05
Valid performance:
 mse:7.22e-04, IC:4.13e-02, RIC:3.22e-01, prec@10:5.20e-01, SR:3.32e+00
Test performance:
 mse:5.66e-04, IC:2.70e-02, RIC:2.82e-01, prec@10:5.04e-01, SR:5.38e-01 


epoch75##########################################################
Train : loss:5.41e-04  =  5.36e-04 + alpha*4.44e-05
Valid : loss:6.39e-04  =  6.34e-04 + alpha*4.38e-05
Test: loss:4.93e-04  =  4.88e-04 + alpha*4.26e-05
Valid performance:
 mse:6.40e-04, IC:2.46e-02, RIC:2.57e-01, prec@10:5.16e-01, SR:2.60e+00
Test performance:
 mse:4.90e-04, IC:3.78e-02, RIC:4.54e-01, prec@10:5.32e-01, SR:1.14e+00 


epoch76##########################################################
Train : loss:5.42e-04  =  5.37e-04 + alpha*4.33e-05
Valid : loss:8.34e-04  =  8.28e-04 + alpha*6.45e-05
Test: loss:7.38e-04  =  7.33e-04 + alpha*5.35e-05
Valid performance:
 mse:8.34e-04, IC:-1.22e-02, RIC:-1.39e-01, prec@10:5.21e-01, SR:1.70e+00
Test performance:
 mse:7.35e-04, IC:1.60e-02, RIC:2.27e-01, prec@10:5.41e-01, SR:1.20e+00 


epoch77##########################################################
Train : loss:5.19e-04  =  5.15e-04 + alpha*4.10e-05
Valid : loss:5.98e-04  =  5.93e-04 + alpha*4.35e-05
Test: loss:4.84e-04  =  4.80e-04 + alpha*4.27e-05
Valid performance:
 mse:5.98e-04, IC:3.63e-02, RIC:2.97e-01, prec@10:5.31e-01, SR:2.23e+00
Test performance:
 mse:4.81e-04, IC:3.71e-02, RIC:4.18e-01, prec@10:5.40e-01, SR:8.67e-01 


epoch78##########################################################
Train : loss:4.97e-04  =  4.93e-04 + alpha*4.03e-05
Valid : loss:4.98e-04  =  4.95e-04 + alpha*3.58e-05
Test: loss:3.96e-04  =  3.93e-04 + alpha*3.43e-05
Best model saved!
Valid performance:
 mse:4.99e-04, IC:2.32e-02, RIC:2.07e-01, prec@10:5.30e-01, SR:1.28e+00
Test performance:
 mse:3.94e-04, IC:4.23e-02, RIC:4.99e-01, prec@10:5.45e-01, SR:1.66e+00 


epoch79##########################################################
Train : loss:5.43e-04  =  5.39e-04 + alpha*4.43e-05
Valid : loss:6.63e-04  =  6.55e-04 + alpha*8.02e-05
Test: loss:5.33e-04  =  5.24e-04 + alpha*8.48e-05
Valid performance:
 mse:6.60e-04, IC:3.41e-02, RIC:2.64e-01, prec@10:5.18e-01, SR:2.48e+00
Test performance:
 mse:5.26e-04, IC:2.27e-02, RIC:2.33e-01, prec@10:4.99e-01, SR:1.38e-01 


epoch80##########################################################
Train : loss:5.46e-04  =  5.42e-04 + alpha*4.14e-05
Valid : loss:5.67e-04  =  5.63e-04 + alpha*4.43e-05
Test: loss:4.61e-04  =  4.57e-04 + alpha*3.89e-05
Valid performance:
 mse:5.67e-04, IC:8.89e-03, RIC:9.34e-02, prec@10:5.20e-01, SR:1.37e+00
Test performance:
 mse:4.59e-04, IC:3.27e-02, RIC:3.95e-01, prec@10:5.38e-01, SR:1.62e+00 


epoch81##########################################################
Train : loss:5.16e-04  =  5.12e-04 + alpha*3.96e-05
Valid : loss:6.42e-04  =  6.35e-04 + alpha*7.02e-05
Test: loss:5.02e-04  =  4.95e-04 + alpha*6.96e-05
Valid performance:
 mse:6.41e-04, IC:3.36e-02, RIC:2.77e-01, prec@10:5.15e-01, SR:2.70e+00
Test performance:
 mse:4.97e-04, IC:2.70e-02, RIC:3.02e-01, prec@10:5.06e-01, SR:1.25e+00 


epoch82##########################################################
Train : loss:5.31e-04  =  5.27e-04 + alpha*4.12e-05
Valid : loss:5.73e-04  =  5.69e-04 + alpha*4.51e-05
Test: loss:4.67e-04  =  4.63e-04 + alpha*4.05e-05
Valid performance:
 mse:5.73e-04, IC:1.96e-02, RIC:1.65e-01, prec@10:5.24e-01, SR:2.04e+00
Test performance:
 mse:4.64e-04, IC:2.93e-02, RIC:3.65e-01, prec@10:5.28e-01, SR:2.14e+00 


epoch83##########################################################
Train : loss:5.12e-04  =  5.08e-04 + alpha*4.04e-05
Valid : loss:5.22e-04  =  5.18e-04 + alpha*3.31e-05
Test: loss:4.20e-04  =  4.17e-04 + alpha*3.20e-05
Valid performance:
 mse:5.22e-04, IC:1.77e-02, RIC:1.89e-01, prec@10:5.13e-01, SR:1.33e+00
Test performance:
 mse:4.18e-04, IC:4.18e-02, RIC:4.93e-01, prec@10:5.43e-01, SR:1.36e+00 


epoch84##########################################################
Train : loss:5.37e-04  =  5.33e-04 + alpha*4.13e-05
Valid : loss:5.08e-04  =  5.04e-04 + alpha*3.59e-05
Test: loss:3.91e-04  =  3.87e-04 + alpha*3.41e-05
Valid performance:
 mse:5.08e-04, IC:2.01e-02, RIC:2.04e-01, prec@10:5.28e-01, SR:1.87e+00
Test performance:
 mse:3.89e-04, IC:4.15e-02, RIC:4.74e-01, prec@10:5.48e-01, SR:1.89e+00 


epoch85##########################################################
Train : loss:5.29e-04  =  5.25e-04 + alpha*3.96e-05
Valid : loss:5.11e-04  =  5.07e-04 + alpha*3.74e-05
Test: loss:3.93e-04  =  3.89e-04 + alpha*3.48e-05
Valid performance:
 mse:5.12e-04, IC:2.28e-02, RIC:2.31e-01, prec@10:5.10e-01, SR:9.70e-01
Test performance:
 mse:3.90e-04, IC:3.99e-02, RIC:4.73e-01, prec@10:5.26e-01, SR:1.57e+00 


epoch86##########################################################
Train : loss:5.45e-04  =  5.41e-04 + alpha*4.01e-05
Valid : loss:5.17e-04  =  5.14e-04 + alpha*3.67e-05
Test: loss:4.04e-04  =  4.00e-04 + alpha*3.27e-05
Valid performance:
 mse:5.18e-04, IC:2.34e-03, RIC:2.78e-02, prec@10:5.34e-01, SR:1.16e+00
Test performance:
 mse:4.02e-04, IC:3.23e-02, RIC:4.16e-01, prec@10:5.27e-01, SR:9.79e-01 


epoch87##########################################################
Train : loss:5.43e-04  =  5.40e-04 + alpha*3.92e-05
Valid : loss:5.58e-04  =  5.55e-04 + alpha*3.35e-05
Test: loss:4.58e-04  =  4.55e-04 + alpha*3.08e-05
Valid performance:
 mse:5.59e-04, IC:1.08e-02, RIC:1.28e-01, prec@10:5.22e-01, SR:1.20e+00
Test performance:
 mse:4.56e-04, IC:3.43e-02, RIC:4.42e-01, prec@10:5.41e-01, SR:1.56e+00 


epoch88##########################################################
Train : loss:5.33e-04  =  5.29e-04 + alpha*3.93e-05
Valid : loss:5.87e-04  =  5.83e-04 + alpha*3.43e-05
Test: loss:4.87e-04  =  4.84e-04 + alpha*3.19e-05
Valid performance:
 mse:5.88e-04, IC:2.16e-02, RIC:2.24e-01, prec@10:5.18e-01, SR:1.81e+00
Test performance:
 mse:4.86e-04, IC:3.77e-02, RIC:4.25e-01, prec@10:5.40e-01, SR:1.21e+00 


epoch89##########################################################
Train : loss:5.35e-04  =  5.31e-04 + alpha*3.86e-05
Valid : loss:5.03e-04  =  5.00e-04 + alpha*3.65e-05
Test: loss:3.95e-04  =  3.92e-04 + alpha*3.68e-05
Valid performance:
 mse:5.04e-04, IC:2.88e-02, RIC:2.50e-01, prec@10:5.23e-01, SR:1.90e+00
Test performance:
 mse:3.93e-04, IC:3.93e-02, RIC:4.21e-01, prec@10:5.35e-01, SR:1.35e+00 


epoch90##########################################################
Train : loss:5.10e-04  =  5.07e-04 + alpha*3.65e-05
Valid : loss:5.87e-04  =  5.84e-04 + alpha*3.56e-05
Test: loss:4.86e-04  =  4.83e-04 + alpha*3.26e-05
Valid performance:
 mse:5.88e-04, IC:1.22e-02, RIC:1.29e-01, prec@10:5.25e-01, SR:1.35e+00
Test performance:
 mse:4.84e-04, IC:3.28e-02, RIC:3.91e-01, prec@10:5.41e-01, SR:1.30e+00 


epoch91##########################################################
Train : loss:5.38e-04  =  5.34e-04 + alpha*4.05e-05
Valid : loss:6.17e-04  =  6.13e-04 + alpha*3.55e-05
Test: loss:5.14e-04  =  5.10e-04 + alpha*3.19e-05
Valid performance:
 mse:6.18e-04, IC:1.58e-02, RIC:1.77e-01, prec@10:5.17e-01, SR:1.12e+00
Test performance:
 mse:5.12e-04, IC:3.44e-02, RIC:4.09e-01, prec@10:5.41e-01, SR:1.34e+00 


epoch92##########################################################
Train : loss:4.97e-04  =  4.93e-04 + alpha*3.70e-05
Valid : loss:5.85e-04  =  5.80e-04 + alpha*4.71e-05
Test: loss:5.08e-04  =  5.04e-04 + alpha*4.57e-05
Valid performance:
 mse:5.85e-04, IC:2.55e-02, RIC:2.34e-01, prec@10:5.21e-01, SR:2.53e+00
Test performance:
 mse:5.05e-04, IC:2.74e-02, RIC:3.22e-01, prec@10:5.08e-01, SR:4.39e-02 


epoch93##########################################################
Train : loss:5.41e-04  =  5.38e-04 + alpha*3.93e-05
Valid : loss:5.76e-04  =  5.73e-04 + alpha*3.52e-05
Test: loss:4.47e-04  =  4.43e-04 + alpha*3.56e-05
Valid performance:
 mse:5.77e-04, IC:2.93e-02, RIC:2.67e-01, prec@10:5.17e-01, SR:1.30e+00
Test performance:
 mse:4.45e-04, IC:3.84e-02, RIC:4.08e-01, prec@10:5.29e-01, SR:1.38e+00 


epoch94##########################################################
Train : loss:5.18e-04  =  5.14e-04 + alpha*3.74e-05
Valid : loss:5.01e-04  =  4.98e-04 + alpha*3.32e-05
Test: loss:3.93e-04  =  3.90e-04 + alpha*3.30e-05
Valid performance:
 mse:5.02e-04, IC:2.49e-02, RIC:2.39e-01, prec@10:5.19e-01, SR:1.07e+00
Test performance:
 mse:3.91e-04, IC:3.96e-02, RIC:4.46e-01, prec@10:5.24e-01, SR:1.04e+00 


epoch95##########################################################
Train : loss:5.17e-04  =  5.13e-04 + alpha*3.56e-05
Valid : loss:5.09e-04  =  5.06e-04 + alpha*3.17e-05
Test: loss:4.06e-04  =  4.03e-04 + alpha*3.00e-05
Valid performance:
 mse:5.10e-04, IC:2.22e-02, RIC:2.37e-01, prec@10:5.21e-01, SR:1.56e+00
Test performance:
 mse:4.04e-04, IC:3.81e-02, RIC:4.55e-01, prec@10:5.40e-01, SR:9.77e-01 


epoch96##########################################################
Train : loss:5.11e-04  =  5.07e-04 + alpha*3.54e-05
Valid : loss:5.24e-04  =  5.21e-04 + alpha*3.15e-05
Test: loss:4.20e-04  =  4.17e-04 + alpha*2.91e-05
Valid performance:
 mse:5.25e-04, IC:1.27e-02, RIC:1.51e-01, prec@10:5.18e-01, SR:1.35e+00
Test performance:
 mse:4.19e-04, IC:3.44e-02, RIC:4.47e-01, prec@10:5.39e-01, SR:1.33e+00 


epoch97##########################################################
Train : loss:5.15e-04  =  5.12e-04 + alpha*3.54e-05
Valid : loss:6.19e-04  =  6.16e-04 + alpha*3.23e-05
Test: loss:4.84e-04  =  4.80e-04 + alpha*3.25e-05
Valid performance:
 mse:6.21e-04, IC:2.22e-02, RIC:2.04e-01, prec@10:5.27e-01, SR:8.56e-01
Test performance:
 mse:4.82e-04, IC:3.95e-02, RIC:4.32e-01, prec@10:5.38e-01, SR:1.31e+00 


epoch98##########################################################
Train : loss:5.18e-04  =  5.14e-04 + alpha*3.55e-05
Valid : loss:5.30e-04  =  5.27e-04 + alpha*2.96e-05
Test: loss:4.10e-04  =  4.07e-04 + alpha*2.80e-05
Valid performance:
 mse:5.32e-04, IC:1.85e-02, RIC:2.19e-01, prec@10:5.14e-01, SR:1.44e+00
Test performance:
 mse:4.08e-04, IC:3.64e-02, RIC:4.54e-01, prec@10:5.35e-01, SR:1.80e+00 


epoch99##########################################################
Train : loss:5.07e-04  =  5.03e-04 + alpha*3.49e-05
Valid : loss:7.06e-04  =  6.99e-04 + alpha*6.68e-05
Test: loss:5.57e-04  =  5.50e-04 + alpha*6.78e-05
Valid performance:
 mse:7.05e-04, IC:3.26e-02, RIC:2.75e-01, prec@10:5.22e-01, SR:3.11e+00
Test performance:
 mse:5.52e-04, IC:2.08e-02, RIC:2.39e-01, prec@10:5.05e-01, SR:-9.94e-01 


epoch100##########################################################
Train : loss:5.04e-04  =  5.00e-04 + alpha*3.52e-05
Valid : loss:5.00e-04  =  4.97e-04 + alpha*2.87e-05
Test: loss:3.86e-04  =  3.83e-04 + alpha*2.69e-05
Valid performance:
 mse:5.01e-04, IC:2.32e-02, RIC:2.51e-01, prec@10:5.15e-01, SR:6.13e-01
Test performance:
 mse:3.84e-04, IC:3.66e-02, RIC:4.44e-01, prec@10:5.28e-01, SR:1.19e+00 


